<?xml version="1.0" encoding="UTF-8"?>
<!-- Generated by org.testng.reporters.JUnitReportReporter -->
<testsuite skipped="0" hostname="Viveks-MacBook-Pro.local" name="com.google.search.SearchEngine.Test.GoogleSearchTest" tests="1" failures="0" timestamp="29 Jun 2021 06:05:16 GMT" time="9.424" errors="0">
  <testcase name="googleSearchTest" time="9.424" classname="com.google.search.SearchEngine.Test.GoogleSearchTest"/>
</testsuite> <!-- com.google.search.SearchEngine.Test.GoogleSearchTest -->
